<?xml version="1.0" encoding="UTF-8"?>
<testsuite name="register new user in utest page" tests="1" skipped="0" failures="1" errors="0" timestamp="2022-10-28T15:45:42" hostname="JHONATAN" time="90.522">
  <properties/>
  <testcase name="register successful in the aplication" classname="register new user in utest page" time="90.522">
    <failure message="java.lang.AssertionError: Expected condition failed: waiting for By.xpath: //div[@class='image-box-header']//h1 to be displayed (tried for 5 second(s) with 100 milliseconds interval)&#10;Build info: version: '3.141.0', revision: '2ecb7d9a', time: '2018-10-31T20:09:30'&#10;System info: host: 'JHONATAN', ip: '192.168.1.7', os.name: 'Windows 11', os.arch: 'amd64', os.version: '10.0', java.version: '1.8.0_352'&#10;Driver info: driver.version: unknown" type="java.lang.AssertionError">java.lang.AssertionError: Expected condition failed: waiting for By.xpath: //div[@class='image-box-header']//h1 to be displayed (tried for 5 second(s) with 100 milliseconds interval)
Build info: version: '3.141.0', revision: '2ecb7d9a', time: '2018-10-31T20:09:30'
System info: host: 'JHONATAN', ip: '192.168.1.7', os.name: 'Windows 11', os.arch: 'amd64', os.version: '10.0', java.version: '1.8.0_352'
Driver info: driver.version: unknown
	at net.serenitybdd.screenplay.ErrorTally.throwSummaryExceptionFrom(ErrorTally.java:36)
	at net.serenitybdd.screenplay.ErrorTally.reportAnyErrors(ErrorTally.java:30)
	at net.serenitybdd.screenplay.Actor.should(Actor.java:249)
	at co.com.company.certification.utes.stepsdefinitions.RegisterUtestPageStepDefinitions.theUserShouldSeeMessage(RegisterUtestPageStepDefinitions.java:47)
	at ✽.the user should see message(src/test/resources/features/register_utes_page.feature:13)
</failure>
  </testcase>
  <system-out><![CDATA[]]></system-out>
  <system-err><![CDATA[oct 28, 2022 10:45:43 AM org.openqa.selenium.remote.DesiredCapabilities chrome
INFORMACIÓN: Using `new ChromeOptions()` is preferred to `DesiredCapabilities.chrome()`
Starting ChromeDriver 106.0.5249.61 (511755355844955cd3e264779baf0dd38212a4d0-refs/branch-heads/5249@{#569}) on port 47062
Only local connections are allowed.
Please see https://chromedriver.chromium.org/security-considerations for suggestions on keeping ChromeDriver safe.
ChromeDriver was started successfully.
[1666971951.110][WARNING]: This version of ChromeDriver has not been tested with Chrome version 107.
oct 28, 2022 10:45:51 AM org.openqa.selenium.remote.ProtocolHandshake createSession
INFORMACIÓN: Detected dialect: W3C
]]></system-err>
</testsuite>
